<?xml version="1.0" encoding="UTF-8"?>
<testsuite xmlns:xsi="http://www.w3.org/2001/XMLSchema-instance" xsi:noNamespaceSchemaLocation="https://maven.apache.org/surefire/maven-surefire-plugin/xsd/surefire-test-report-3.0.xsd" version="3.0" name="com.codecool.puzzleshowdown.service.PuzzleServiceTest" time="1.292" tests="5" errors="0" skipped="0" failures="0">
  <properties>
[...]
</properties>
  <testcase name="isValidStep_InvalidMove_shouldReturnNull" classname="com.codecool.puzzleshowdown.service.PuzzleServiceTest" time="0.054">
    <system-err><![CDATA[WARNING: A Java agent has been loaded dynamically (C:\Users\36309\.m2\repository\net\bytebuddy\byte-buddy-agent\1.14.11\byte-buddy-agent-1.14.11.jar)
WARNING: If a serviceability tool is in use, please run with -XX:+EnableDynamicAgentLoading to hide this warning
WARNING: If a serviceability tool is not in use, please run with -Djdk.instrument.traceUsage for more information
WARNING: Dynamic loading of agents will be disallowed by default in a future release
]]></system-err>
  </testcase>
  <testcase name="getHint_ShouldReturnTheSecondHint_fromTheFirstPuzzle_ShouldReturn_a2" classname="com.codecool.puzzleshowdown.service.PuzzleServiceTest" time="0.003"/>
  <testcase name="isValidStep_withValidMove_shouldReturnTheNextMove_wouldBe_a4" classname="com.codecool.puzzleshowdown.service.PuzzleServiceTest" time="0.002"/>
  <testcase name="getHint_ShouldReturnEmptyString_IfStepCountLargerThanAvailableSteps" classname="com.codecool.puzzleshowdown.service.PuzzleServiceTest" time="0.001"/>
  <testcase name="isValidStep_WalidLastStep_shouldReturnWinText" classname="com.codecool.puzzleshowdown.service.PuzzleServiceTest" time="0.002"/>
</testsuite>